https://ammardab3an99.github.io/about.html
https://ammardab3an99.github.io/about/careers.html
https://ammardab3an99.github.io/about/privacy-policy.html
https://ammardab3an99.github.io/cdn-cgi/l/email-protection.html
https://ammardab3an99.github.io/collection/ivy-league-moocs.html
https://ammardab3an99.github.io/collection/ivy-league-moocs/index.html
https://ammardab3an99.github.io/collection/sustainability-online-courses.html
https://ammardab3an99.github.io/collection/top-free-online-courses.html
https://ammardab3an99.github.io/collections.html
https://ammardab3an99.github.io/contact.html
https://ammardab3an99.github.io/course/ancientgreeks-502.html
https://ammardab3an99.github.io/course/edx-introduccion-a-los-encofrados-y-las-cimbras-en-obra-civil-y-edificacion-11880.html
https://ammardab3an99.github.io/course/end-of-life-care-16932.html
https://ammardab3an99.github.io/help.html
https://ammardab3an99.github.io/help/moocs.html
https://ammardab3an99.github.io/index.html
https://ammardab3an99.github.io/institution/amazon.html
https://ammardab3an99.github.io/institution/british-council.html
https://ammardab3an99.github.io/institution/google.html
https://ammardab3an99.github.io/institution/ibm.html
https://ammardab3an99.github.io/institution/linuxfoundation.html
https://ammardab3an99.github.io/institution/microsoft.html
https://ammardab3an99.github.io/institution/salesforce.html
https://ammardab3an99.github.io/institution/smithsonian.html
https://ammardab3an99.github.io/institutions.html
https://ammardab3an99.github.io/lists.html
https://ammardab3an99.github.io/login.html
https://ammardab3an99.github.io/new-online-courses/february-2023.html
https://ammardab3an99.github.io/provider/coursera.html
https://ammardab3an99.github.io/provider/edx.html
https://ammardab3an99.github.io/provider/futurelearn.html
https://ammardab3an99.github.io/provider/linkedin-learning.html
https://ammardab3an99.github.io/provider/skillshare.html
https://ammardab3an99.github.io/provider/swayam.html
https://ammardab3an99.github.io/provider/udacity.html
https://ammardab3an99.github.io/provider/udemy.html
https://ammardab3an99.github.io/provider/unccelearn.html
https://ammardab3an99.github.io/providers.html
https://ammardab3an99.github.io/rankings.html
https://ammardab3an99.github.io/report/100-most-popular-online-courses-2021/index.html
https://ammardab3an99.github.io/report/2022-year-in-review/index.html
https://ammardab3an99.github.io/report/author/dhawal/index.html
https://ammardab3an99.github.io/report/author/heba/index.html
https://ammardab3an99.github.io/report/author/manoel/index.html
https://ammardab3an99.github.io/report/author/pat-bowden/index.html
https://ammardab3an99.github.io/report/author/ruima/index.html
https://ammardab3an99.github.io/report/best-davinci-resolve-courses/index.html
https://ammardab3an99.github.io/report/best-digital-art-courses/index.html
https://ammardab3an99.github.io/report/best-elm-courses/index.html
https://ammardab3an99.github.io/report/best-free-online-courses-2021/index.html
https://ammardab3an99.github.io/report/best-free-online-courses-2022/index.html
https://ammardab3an99.github.io/report/best-ocaml-courses/index.html
https://ammardab3an99.github.io/report/best-resume-writing-courses/index.html
https://ammardab3an99.github.io/report/category/best-courses/index.html
https://ammardab3an99.github.io/report/chinese-mooc-platforms/index.html
https://ammardab3an99.github.io/report/class-central-ddos-attack/index.html
https://ammardab3an99.github.io/report/coursera-free-online-courses/index.html
https://ammardab3an99.github.io/report/coursera-google-new-deal/index.html
https://ammardab3an99.github.io/report/coursera-top-courses/index.html
https://ammardab3an99.github.io/report/cs50-free-certificate/index.html
https://ammardab3an99.github.io/report/edx-top-courses/index.html
https://ammardab3an99.github.io/report/emoocs-2023-cfp/index.html
https://ammardab3an99.github.io/report/free-certificates/index.html
https://ammardab3an99.github.io/report/free-google-certifications/index.html
https://ammardab3an99.github.io/report/futurelearn-expands-paywall/index.html
https://ammardab3an99.github.io/report/google-free-certificates/index.html
https://ammardab3an99.github.io/report/harvard-cs50-guide/index.html
https://ammardab3an99.github.io/report/india-online-degrees/index.html
https://ammardab3an99.github.io/report/linkedin-learning-free-learning-paths/index.html
https://ammardab3an99.github.io/report/list-of-mooc-based-microcredentials/index.html
https://ammardab3an99.github.io/report/mooc-based-masters-degree/index.html
https://ammardab3an99.github.io/report/most-cited-mooc-research/index.html
https://ammardab3an99.github.io/report/most-popular-courses-2022/index.html
https://ammardab3an99.github.io/report/most-popular-courses-2023/index.html
https://ammardab3an99.github.io/report/most-popular-march-2023/index.html
https://ammardab3an99.github.io/report/most-popular-online-courses/index.html
https://ammardab3an99.github.io/report/online-learning-deals/index.html
https://ammardab3an99.github.io/report/open-university-insiders-perspective/index.html
https://ammardab3an99.github.io/report/review-china-economic-transformation/index.html
https://ammardab3an99.github.io/report/udemy-by-the-numbers/index.html
https://ammardab3an99.github.io/report/udemy-layoffs/index.html
https://ammardab3an99.github.io/report/udemy-top-courses/index.html
https://ammardab3an99.github.io/report/writing-free-online-courses/index.html
https://ammardab3an99.github.io/signup.html
https://ammardab3an99.github.io/starting-this-month.html
https://ammardab3an99.github.io/subject/accounting.html
https://ammardab3an99.github.io/subject/aerospace-engineering.html
https://ammardab3an99.github.io/subject/agriculture.html
https://ammardab3an99.github.io/subject/ai.html
https://ammardab3an99.github.io/subject/algebra.html
https://ammardab3an99.github.io/subject/algorithms-and-data-structures.html
https://ammardab3an99.github.io/subject/anatomy.html
https://ammardab3an99.github.io/subject/anthropology.html
https://ammardab3an99.github.io/subject/applied-science.html
https://ammardab3an99.github.io/subject/archaeology.html
https://ammardab3an99.github.io/subject/art-and-design.html
https://ammardab3an99.github.io/subject/astronomy.html
https://ammardab3an99.github.io/subject/big-data.html
https://ammardab3an99.github.io/subject/bim.html
https://ammardab3an99.github.io/subject/bioinformatics.html
https://ammardab3an99.github.io/subject/biology.html
https://ammardab3an99.github.io/subject/blockchain.html
https://ammardab3an99.github.io/subject/blue-team.html
https://ammardab3an99.github.io/subject/business-intelligence.html
https://ammardab3an99.github.io/subject/business-software.html
https://ammardab3an99.github.io/subject/business.html
https://ammardab3an99.github.io/subject/cad.html
https://ammardab3an99.github.io/subject/calculus.html
https://ammardab3an99.github.io/subject/career-development.html
https://ammardab3an99.github.io/subject/chemical-engineering.html
https://ammardab3an99.github.io/subject/chemistry.html
https://ammardab3an99.github.io/subject/childhood-development.html
https://ammardab3an99.github.io/subject/civil-engineering.html
https://ammardab3an99.github.io/subject/cloud-computing.html
https://ammardab3an99.github.io/subject/cme.html
https://ammardab3an99.github.io/subject/combinatorics.html
https://ammardab3an99.github.io/subject/communication-skills.html
https://ammardab3an99.github.io/subject/computer-graphics.html
https://ammardab3an99.github.io/subject/computer-networking.html
https://ammardab3an99.github.io/subject/course-development.html
https://ammardab3an99.github.io/subject/crisis-management.html
https://ammardab3an99.github.io/subject/cryptography.html
https://ammardab3an99.github.io/subject/cs.html
https://ammardab3an99.github.io/subject/csr.html
https://ammardab3an99.github.io/subject/culture.html
https://ammardab3an99.github.io/subject/customer-service.html
https://ammardab3an99.github.io/subject/cybersecurity.html
https://ammardab3an99.github.io/subject/data-analysis.html
https://ammardab3an99.github.io/subject/data-mining.html
https://ammardab3an99.github.io/subject/data-science.html
https://ammardab3an99.github.io/subject/data-visualization.html
https://ammardab3an99.github.io/subject/databases.html
https://ammardab3an99.github.io/subject/deep-learning.html
https://ammardab3an99.github.io/subject/design-and-creativity.html
https://ammardab3an99.github.io/subject/design-thinking.html
https://ammardab3an99.github.io/subject/devops.html
https://ammardab3an99.github.io/subject/devsecops.html
https://ammardab3an99.github.io/subject/digital-forensics.html
https://ammardab3an99.github.io/subject/digital-media.html
https://ammardab3an99.github.io/subject/digital-skills.html
https://ammardab3an99.github.io/subject/discrete-mathematics.html
https://ammardab3an99.github.io/subject/disease-and-disorders.html
https://ammardab3an99.github.io/subject/distributed-systems.html
https://ammardab3an99.github.io/subject/earth-science.html
https://ammardab3an99.github.io/subject/economics.html
https://ammardab3an99.github.io/subject/education.html
https://ammardab3an99.github.io/subject/electrical-engineering.html
https://ammardab3an99.github.io/subject/energy-systems.html
https://ammardab3an99.github.io/subject/engineering.html
https://ammardab3an99.github.io/subject/entrepreneurship.html
https://ammardab3an99.github.io/subject/environmental-science.html
https://ammardab3an99.github.io/subject/esl.html
https://ammardab3an99.github.io/subject/ethical-hacking.html
https://ammardab3an99.github.io/subject/ethics.html
https://ammardab3an99.github.io/subject/finance.html
https://ammardab3an99.github.io/subject/food.html
https://ammardab3an99.github.io/subject/forensic-science.html
https://ammardab3an99.github.io/subject/foundations-of-mathematics.html
https://ammardab3an99.github.io/subject/game-development.html
https://ammardab3an99.github.io/subject/geometry.html
https://ammardab3an99.github.io/subject/gis.html
https://ammardab3an99.github.io/subject/governance.html
https://ammardab3an99.github.io/subject/grammar-writing.html
https://ammardab3an99.github.io/subject/hci.html
https://ammardab3an99.github.io/subject/health-care.html
https://ammardab3an99.github.io/subject/health.html
https://ammardab3an99.github.io/subject/higher-education.html
https://ammardab3an99.github.io/subject/history.html
https://ammardab3an99.github.io/subject/human-resources.html
https://ammardab3an99.github.io/subject/human-rights.html
https://ammardab3an99.github.io/subject/humanities.html
https://ammardab3an99.github.io/subject/industry-specific.html
https://ammardab3an99.github.io/subject/information-technology.html
https://ammardab3an99.github.io/subject/infosec-certifications.html
https://ammardab3an99.github.io/subject/infosec.html
https://ammardab3an99.github.io/subject/innovation.html
https://ammardab3an99.github.io/subject/internet-of-things.html
https://ammardab3an99.github.io/subject/journalism.html
https://ammardab3an99.github.io/subject/jupyter.html
https://ammardab3an99.github.io/subject/k12.html
https://ammardab3an99.github.io/subject/language-learning.html
https://ammardab3an99.github.io/subject/law.html
https://ammardab3an99.github.io/subject/library-science.html
https://ammardab3an99.github.io/subject/linear-programming.html
https://ammardab3an99.github.io/subject/linguistics.html
https://ammardab3an99.github.io/subject/literature.html
https://ammardab3an99.github.io/subject/machine-learning.html
https://ammardab3an99.github.io/subject/malware-analysis.html
https://ammardab3an99.github.io/subject/management-and-leadership.html
https://ammardab3an99.github.io/subject/manufacturing.html
https://ammardab3an99.github.io/subject/marketing.html
https://ammardab3an99.github.io/subject/materials-science.html
https://ammardab3an99.github.io/subject/mathematical-logic.html
https://ammardab3an99.github.io/subject/maths.html
https://ammardab3an99.github.io/subject/mechanical-engineering.html
https://ammardab3an99.github.io/subject/mobile-development.html
https://ammardab3an99.github.io/subject/music.html
https://ammardab3an99.github.io/subject/nanotechnology.html
https://ammardab3an99.github.io/subject/network-security.html
https://ammardab3an99.github.io/subject/nonprofit.html
https://ammardab3an99.github.io/subject/number-theory.html
https://ammardab3an99.github.io/subject/nursing.html
https://ammardab3an99.github.io/subject/nutrition-and-wellness.html
https://ammardab3an99.github.io/subject/online-education.html
https://ammardab3an99.github.io/subject/operating-systems.html
https://ammardab3an99.github.io/subject/operations-management.html
https://ammardab3an99.github.io/subject/osint.html
https://ammardab3an99.github.io/subject/pedagogy.html
https://ammardab3an99.github.io/subject/pentesting.html
https://ammardab3an99.github.io/subject/personal-development.html
https://ammardab3an99.github.io/subject/philosophy.html
https://ammardab3an99.github.io/subject/physics.html
https://ammardab3an99.github.io/subject/political-science.html
https://ammardab3an99.github.io/subject/precalculus.html
https://ammardab3an99.github.io/subject/presentation-skills.html
https://ammardab3an99.github.io/subject/programming-and-software-development.html
https://ammardab3an99.github.io/subject/programming-languages.html
https://ammardab3an99.github.io/subject/project-management.html
https://ammardab3an99.github.io/subject/psychology.html
https://ammardab3an99.github.io/subject/public-health.html
https://ammardab3an99.github.io/subject/quantum-computing.html
https://ammardab3an99.github.io/subject/reading.html
https://ammardab3an99.github.io/subject/red-team.html
https://ammardab3an99.github.io/subject/religion.html
https://ammardab3an99.github.io/subject/resilience.html
https://ammardab3an99.github.io/subject/reverse-engineering.html
https://ammardab3an99.github.io/subject/risk-management.html
https://ammardab3an99.github.io/subject/robotics.html
https://ammardab3an99.github.io/subject/sales.html
https://ammardab3an99.github.io/subject/science.html
https://ammardab3an99.github.io/subject/self-improvement.html
https://ammardab3an99.github.io/subject/social-sciences.html
https://ammardab3an99.github.io/subject/social-work.html
https://ammardab3an99.github.io/subject/sociology.html
https://ammardab3an99.github.io/subject/software-development.html
https://ammardab3an99.github.io/subject/sports.html
https://ammardab3an99.github.io/subject/statistics.html
https://ammardab3an99.github.io/subject/stem.html
https://ammardab3an99.github.io/subject/strategic-management.html
https://ammardab3an99.github.io/subject/sustainability.html
https://ammardab3an99.github.io/subject/teacher-development.html
https://ammardab3an99.github.io/subject/test-prep.html
https://ammardab3an99.github.io/subject/textiles.html
https://ammardab3an99.github.io/subject/threat-intelligence.html
https://ammardab3an99.github.io/subject/trigonometry.html
https://ammardab3an99.github.io/subject/urban-planning.html
https://ammardab3an99.github.io/subject/veterinary-science.html
https://ammardab3an99.github.io/subject/visual-arts.html
https://ammardab3an99.github.io/subject/web-development.html
https://ammardab3an99.github.io/subjects.html
https://ammardab3an99.github.io/universities.html
https://ammardab3an99.github.io/university/columbia.html
https://ammardab3an99.github.io/university/cornell.html
https://ammardab3an99.github.io/university/duke.html
https://ammardab3an99.github.io/university/edinburgh.html
https://ammardab3an99.github.io/university/gatech.html
https://ammardab3an99.github.io/university/harvard.html
https://ammardab3an99.github.io/university/iit-kharagpur.html
https://ammardab3an99.github.io/university/iitm.html
https://ammardab3an99.github.io/university/mit.html
https://ammardab3an99.github.io/university/penn.html
https://ammardab3an99.github.io/university/purdue.html
https://ammardab3an99.github.io/university/rice.html
https://ammardab3an99.github.io/university/stanford.html
https://ammardab3an99.github.io/university/umich.html